{
  "stats": {
    "suites": 2,
    "tests": 8,
    "passes": 8,
    "pending": 0,
    "failures": 0,
    "start": "2017-04-10T12:08:02.960Z",
    "end": "2017-04-10T12:08:02.969Z",
    "duration": 9,
    "testsRegistered": 8,
    "passPercent": 100,
    "pendingPercent": 0,
    "other": 0,
    "hasOther": false,
    "skipped": 0,
    "hasSkipped": false,
    "passPercentClass": "success",
    "pendingPercentClass": "danger"
  },
  "suites": {
    "title": "",
    "suites": [
      {
        "title": "adsHMICmd",
        "suites": [
          {
            "title": "test",
            "suites": [],
            "tests": [
              {
                "title": "Supervisor is in the conditioning state",
                "fullTitle": "adsHMICmd test Supervisor is in the conditioning state",
                "timedOut": false,
                "duration": 2,
                "state": "passed",
                "speed": "fast",
                "pass": true,
                "fail": false,
                "pending": false,
                "code": "getAssertion(cond.logic, cond.expect.value, cond.expect.value);",
                "err": {},
                "isRoot": false,
                "uuid": "7d8d01ac-0442-4cd8-a312-d7cfbfa76a72",
                "parentUUID": "48ef2168-b6bc-44b3-9906-55309fded168",
                "skipped": false
              },
              {
                "title": "Supervisor is in the conditioning state",
                "fullTitle": "adsHMICmd test Supervisor is in the conditioning state",
                "timedOut": false,
                "duration": 0,
                "state": "passed",
                "speed": "fast",
                "pass": true,
                "fail": false,
                "pending": false,
                "code": "getAssertion(cond.logic, cond.expect.value, cond.expect.value);",
                "err": {},
                "isRoot": false,
                "uuid": "a72dd7a8-242a-47c0-b131-84f887cea67a",
                "parentUUID": "48ef2168-b6bc-44b3-9906-55309fded168",
                "skipped": false
              },
              {
                "title": "Supervisor is in the conditioning state",
                "fullTitle": "adsHMICmd test Supervisor is in the conditioning state",
                "timedOut": false,
                "duration": 0,
                "state": "passed",
                "speed": "fast",
                "pass": true,
                "fail": false,
                "pending": false,
                "code": "getAssertion(cond.logic, cond.expect.value, cond.expect.value);",
                "err": {},
                "isRoot": false,
                "uuid": "e727241a-9c81-4b8b-865d-671253b9ddcb",
                "parentUUID": "48ef2168-b6bc-44b3-9906-55309fded168",
                "skipped": false
              },
              {
                "title": "Supervisor is in the conditioning state",
                "fullTitle": "adsHMICmd test Supervisor is in the conditioning state",
                "timedOut": false,
                "duration": 0,
                "state": "passed",
                "speed": "fast",
                "pass": true,
                "fail": false,
                "pending": false,
                "code": "getAssertion(cond.logic, cond.expect.value, cond.expect.value);",
                "err": {},
                "isRoot": false,
                "uuid": "1f77ab2d-cbdb-4fea-9bbf-8abf1af571c9",
                "parentUUID": "48ef2168-b6bc-44b3-9906-55309fded168",
                "skipped": false
              },
              {
                "title": "Supervisor is in the conditioning state",
                "fullTitle": "adsHMICmd test Supervisor is in the conditioning state",
                "timedOut": false,
                "duration": 0,
                "state": "passed",
                "speed": "fast",
                "pass": true,
                "fail": false,
                "pending": false,
                "code": "getAssertion(cond.logic, cond.expect.value, cond.expect.value);",
                "err": {},
                "isRoot": false,
                "uuid": "57c12809-9bf7-4a27-b03d-d5c135f96556",
                "parentUUID": "48ef2168-b6bc-44b3-9906-55309fded168",
                "skipped": false
              },
              {
                "title": "Supervisor is in the conditioning state",
                "fullTitle": "adsHMICmd test Supervisor is in the conditioning state",
                "timedOut": false,
                "duration": 0,
                "state": "passed",
                "speed": "fast",
                "pass": true,
                "fail": false,
                "pending": false,
                "code": "getAssertion(cond.logic, cond.expect.value, cond.expect.value);",
                "err": {},
                "isRoot": false,
                "uuid": "66737a55-4a5b-49c3-bce2-d373afc86502",
                "parentUUID": "48ef2168-b6bc-44b3-9906-55309fded168",
                "skipped": false
              },
              {
                "title": "Supervisor is in the conditioning state",
                "fullTitle": "adsHMICmd test Supervisor is in the conditioning state",
                "timedOut": false,
                "duration": 0,
                "state": "passed",
                "speed": "fast",
                "pass": true,
                "fail": false,
                "pending": false,
                "code": "getAssertion(cond.logic, cond.expect.value, cond.expect.value);",
                "err": {},
                "isRoot": false,
                "uuid": "a5cdf25d-5152-463d-af69-37dc56580bcf",
                "parentUUID": "48ef2168-b6bc-44b3-9906-55309fded168",
                "skipped": false
              },
              {
                "title": "Supervisor is in the conditioning state",
                "fullTitle": "adsHMICmd test Supervisor is in the conditioning state",
                "timedOut": false,
                "duration": 0,
                "state": "passed",
                "speed": "fast",
                "pass": true,
                "fail": false,
                "pending": false,
                "code": "getAssertion(cond.logic, cond.expect.value, cond.expect.value);",
                "err": {},
                "isRoot": false,
                "uuid": "8f2dc082-47e0-4e58-8a81-a35258644c0c",
                "parentUUID": "48ef2168-b6bc-44b3-9906-55309fded168",
                "skipped": false
              }
            ],
            "pending": [],
            "root": false,
            "_timeout": 2000,
            "file": "/test/test.js",
            "uuid": "48ef2168-b6bc-44b3-9906-55309fded168",
            "fullFile": "/home/dean/Desktop/projects/3047-ReleaseTester/src/test/test.js",
            "passes": [
              {
                "title": "Supervisor is in the conditioning state",
                "fullTitle": "adsHMICmd test Supervisor is in the conditioning state",
                "timedOut": false,
                "duration": 2,
                "state": "passed",
                "speed": "fast",
                "pass": true,
                "fail": false,
                "pending": false,
                "code": "getAssertion(cond.logic, cond.expect.value, cond.expect.value);",
                "err": {},
                "isRoot": false,
                "uuid": "7d8d01ac-0442-4cd8-a312-d7cfbfa76a72",
                "parentUUID": "48ef2168-b6bc-44b3-9906-55309fded168",
                "skipped": false
              },
              {
                "title": "Supervisor is in the conditioning state",
                "fullTitle": "adsHMICmd test Supervisor is in the conditioning state",
                "timedOut": false,
                "duration": 0,
                "state": "passed",
                "speed": "fast",
                "pass": true,
                "fail": false,
                "pending": false,
                "code": "getAssertion(cond.logic, cond.expect.value, cond.expect.value);",
                "err": {},
                "isRoot": false,
                "uuid": "a72dd7a8-242a-47c0-b131-84f887cea67a",
                "parentUUID": "48ef2168-b6bc-44b3-9906-55309fded168",
                "skipped": false
              },
              {
                "title": "Supervisor is in the conditioning state",
                "fullTitle": "adsHMICmd test Supervisor is in the conditioning state",
                "timedOut": false,
                "duration": 0,
                "state": "passed",
                "speed": "fast",
                "pass": true,
                "fail": false,
                "pending": false,
                "code": "getAssertion(cond.logic, cond.expect.value, cond.expect.value);",
                "err": {},
                "isRoot": false,
                "uuid": "e727241a-9c81-4b8b-865d-671253b9ddcb",
                "parentUUID": "48ef2168-b6bc-44b3-9906-55309fded168",
                "skipped": false
              },
              {
                "title": "Supervisor is in the conditioning state",
                "fullTitle": "adsHMICmd test Supervisor is in the conditioning state",
                "timedOut": false,
                "duration": 0,
                "state": "passed",
                "speed": "fast",
                "pass": true,
                "fail": false,
                "pending": false,
                "code": "getAssertion(cond.logic, cond.expect.value, cond.expect.value);",
                "err": {},
                "isRoot": false,
                "uuid": "1f77ab2d-cbdb-4fea-9bbf-8abf1af571c9",
                "parentUUID": "48ef2168-b6bc-44b3-9906-55309fded168",
                "skipped": false
              },
              {
                "title": "Supervisor is in the conditioning state",
                "fullTitle": "adsHMICmd test Supervisor is in the conditioning state",
                "timedOut": false,
                "duration": 0,
                "state": "passed",
                "speed": "fast",
                "pass": true,
                "fail": false,
                "pending": false,
                "code": "getAssertion(cond.logic, cond.expect.value, cond.expect.value);",
                "err": {},
                "isRoot": false,
                "uuid": "57c12809-9bf7-4a27-b03d-d5c135f96556",
                "parentUUID": "48ef2168-b6bc-44b3-9906-55309fded168",
                "skipped": false
              },
              {
                "title": "Supervisor is in the conditioning state",
                "fullTitle": "adsHMICmd test Supervisor is in the conditioning state",
                "timedOut": false,
                "duration": 0,
                "state": "passed",
                "speed": "fast",
                "pass": true,
                "fail": false,
                "pending": false,
                "code": "getAssertion(cond.logic, cond.expect.value, cond.expect.value);",
                "err": {},
                "isRoot": false,
                "uuid": "66737a55-4a5b-49c3-bce2-d373afc86502",
                "parentUUID": "48ef2168-b6bc-44b3-9906-55309fded168",
                "skipped": false
              },
              {
                "title": "Supervisor is in the conditioning state",
                "fullTitle": "adsHMICmd test Supervisor is in the conditioning state",
                "timedOut": false,
                "duration": 0,
                "state": "passed",
                "speed": "fast",
                "pass": true,
                "fail": false,
                "pending": false,
                "code": "getAssertion(cond.logic, cond.expect.value, cond.expect.value);",
                "err": {},
                "isRoot": false,
                "uuid": "a5cdf25d-5152-463d-af69-37dc56580bcf",
                "parentUUID": "48ef2168-b6bc-44b3-9906-55309fded168",
                "skipped": false
              },
              {
                "title": "Supervisor is in the conditioning state",
                "fullTitle": "adsHMICmd test Supervisor is in the conditioning state",
                "timedOut": false,
                "duration": 0,
                "state": "passed",
                "speed": "fast",
                "pass": true,
                "fail": false,
                "pending": false,
                "code": "getAssertion(cond.logic, cond.expect.value, cond.expect.value);",
                "err": {},
                "isRoot": false,
                "uuid": "8f2dc082-47e0-4e58-8a81-a35258644c0c",
                "parentUUID": "48ef2168-b6bc-44b3-9906-55309fded168",
                "skipped": false
              }
            ],
            "failures": [],
            "skipped": [],
            "hasTests": true,
            "hasSuites": false,
            "totalTests": 8,
            "totalPasses": 8,
            "totalFailures": 0,
            "totalPending": 0,
            "totalSkipped": 0,
            "hasPasses": true,
            "hasFailures": false,
            "hasPending": false,
            "hasSkipped": false,
            "duration": 2,
            "rootEmpty": false
          }
        ],
        "tests": [],
        "pending": [],
        "root": false,
        "_timeout": 2000,
        "file": "/test/test.js",
        "uuid": "708eb792-164b-4322-9f48-a7bd534fa626",
        "fullFile": "/home/dean/Desktop/projects/3047-ReleaseTester/src/test/test.js",
        "passes": [],
        "failures": [],
        "skipped": [],
        "hasTests": false,
        "hasSuites": true,
        "totalTests": 0,
        "totalPasses": 0,
        "totalFailures": 0,
        "totalPending": 0,
        "totalSkipped": 0,
        "hasPasses": false,
        "hasFailures": false,
        "hasPending": false,
        "hasSkipped": false,
        "duration": 0,
        "rootEmpty": false
      }
    ],
    "tests": [],
    "pending": [],
    "root": true,
    "_timeout": 2000,
    "uuid": "fddca13e-b1ed-455c-8b0f-be1326c910e9",
    "fullFile": "",
    "file": "",
    "passes": [],
    "failures": [],
    "skipped": [],
    "hasTests": false,
    "hasSuites": true,
    "totalTests": 0,
    "totalPasses": 0,
    "totalFailures": 0,
    "totalPending": 0,
    "totalSkipped": 0,
    "hasPasses": false,
    "hasFailures": false,
    "hasPending": false,
    "hasSkipped": false,
    "duration": 0,
    "rootEmpty": true
  },
  "allTests": [
    {
      "title": "Supervisor is in the conditioning state",
      "fullTitle": "test Supervisor is in the conditioning state",
      "timedOut": false,
      "duration": 2,
      "state": "passed",
      "speed": "fast",
      "pass": true,
      "fail": false,
      "pending": false,
      "code": "getAssertion(cond.logic, cond.expect.value, cond.expect.value);",
      "err": {},
      "isRoot": false,
      "uuid": "7d8d01ac-0442-4cd8-a312-d7cfbfa76a72",
      "parentUUID": "48ef2168-b6bc-44b3-9906-55309fded168",
      "skipped": false
    },
    {
      "title": "Supervisor is in the conditioning state",
      "fullTitle": "test Supervisor is in the conditioning state",
      "timedOut": false,
      "duration": 0,
      "state": "passed",
      "speed": "fast",
      "pass": true,
      "fail": false,
      "pending": false,
      "code": "getAssertion(cond.logic, cond.expect.value, cond.expect.value);",
      "err": {},
      "isRoot": false,
      "uuid": "a72dd7a8-242a-47c0-b131-84f887cea67a",
      "parentUUID": "48ef2168-b6bc-44b3-9906-55309fded168",
      "skipped": false
    },
    {
      "title": "Supervisor is in the conditioning state",
      "fullTitle": "test Supervisor is in the conditioning state",
      "timedOut": false,
      "duration": 0,
      "state": "passed",
      "speed": "fast",
      "pass": true,
      "fail": false,
      "pending": false,
      "code": "getAssertion(cond.logic, cond.expect.value, cond.expect.value);",
      "err": {},
      "isRoot": false,
      "uuid": "e727241a-9c81-4b8b-865d-671253b9ddcb",
      "parentUUID": "48ef2168-b6bc-44b3-9906-55309fded168",
      "skipped": false
    },
    {
      "title": "Supervisor is in the conditioning state",
      "fullTitle": "test Supervisor is in the conditioning state",
      "timedOut": false,
      "duration": 0,
      "state": "passed",
      "speed": "fast",
      "pass": true,
      "fail": false,
      "pending": false,
      "code": "getAssertion(cond.logic, cond.expect.value, cond.expect.value);",
      "err": {},
      "isRoot": false,
      "uuid": "1f77ab2d-cbdb-4fea-9bbf-8abf1af571c9",
      "parentUUID": "48ef2168-b6bc-44b3-9906-55309fded168",
      "skipped": false
    },
    {
      "title": "Supervisor is in the conditioning state",
      "fullTitle": "test Supervisor is in the conditioning state",
      "timedOut": false,
      "duration": 0,
      "state": "passed",
      "speed": "fast",
      "pass": true,
      "fail": false,
      "pending": false,
      "code": "getAssertion(cond.logic, cond.expect.value, cond.expect.value);",
      "err": {},
      "isRoot": false,
      "uuid": "57c12809-9bf7-4a27-b03d-d5c135f96556",
      "parentUUID": "48ef2168-b6bc-44b3-9906-55309fded168",
      "skipped": false
    },
    {
      "title": "Supervisor is in the conditioning state",
      "fullTitle": "test Supervisor is in the conditioning state",
      "timedOut": false,
      "duration": 0,
      "state": "passed",
      "speed": "fast",
      "pass": true,
      "fail": false,
      "pending": false,
      "code": "getAssertion(cond.logic, cond.expect.value, cond.expect.value);",
      "err": {},
      "isRoot": false,
      "uuid": "66737a55-4a5b-49c3-bce2-d373afc86502",
      "parentUUID": "48ef2168-b6bc-44b3-9906-55309fded168",
      "skipped": false
    },
    {
      "title": "Supervisor is in the conditioning state",
      "fullTitle": "test Supervisor is in the conditioning state",
      "timedOut": false,
      "duration": 0,
      "state": "passed",
      "speed": "fast",
      "pass": true,
      "fail": false,
      "pending": false,
      "code": "getAssertion(cond.logic, cond.expect.value, cond.expect.value);",
      "err": {},
      "isRoot": false,
      "uuid": "a5cdf25d-5152-463d-af69-37dc56580bcf",
      "parentUUID": "48ef2168-b6bc-44b3-9906-55309fded168",
      "skipped": false
    },
    {
      "title": "Supervisor is in the conditioning state",
      "fullTitle": "test Supervisor is in the conditioning state",
      "timedOut": false,
      "duration": 0,
      "state": "passed",
      "speed": "fast",
      "pass": true,
      "fail": false,
      "pending": false,
      "code": "getAssertion(cond.logic, cond.expect.value, cond.expect.value);",
      "err": {},
      "isRoot": false,
      "uuid": "8f2dc082-47e0-4e58-8a81-a35258644c0c",
      "parentUUID": "48ef2168-b6bc-44b3-9906-55309fded168",
      "skipped": false
    }
  ],
  "allPending": [],
  "allPasses": [
    {
      "title": "Supervisor is in the conditioning state",
      "fullTitle": "test Supervisor is in the conditioning state",
      "timedOut": false,
      "duration": 2,
      "state": "passed",
      "speed": "fast",
      "pass": true,
      "fail": false,
      "pending": false,
      "code": "getAssertion(cond.logic, cond.expect.value, cond.expect.value);",
      "err": {},
      "isRoot": false,
      "uuid": "7d8d01ac-0442-4cd8-a312-d7cfbfa76a72",
      "parentUUID": "48ef2168-b6bc-44b3-9906-55309fded168",
      "skipped": false
    },
    {
      "title": "Supervisor is in the conditioning state",
      "fullTitle": "test Supervisor is in the conditioning state",
      "timedOut": false,
      "duration": 0,
      "state": "passed",
      "speed": "fast",
      "pass": true,
      "fail": false,
      "pending": false,
      "code": "getAssertion(cond.logic, cond.expect.value, cond.expect.value);",
      "err": {},
      "isRoot": false,
      "uuid": "a72dd7a8-242a-47c0-b131-84f887cea67a",
      "parentUUID": "48ef2168-b6bc-44b3-9906-55309fded168",
      "skipped": false
    },
    {
      "title": "Supervisor is in the conditioning state",
      "fullTitle": "test Supervisor is in the conditioning state",
      "timedOut": false,
      "duration": 0,
      "state": "passed",
      "speed": "fast",
      "pass": true,
      "fail": false,
      "pending": false,
      "code": "getAssertion(cond.logic, cond.expect.value, cond.expect.value);",
      "err": {},
      "isRoot": false,
      "uuid": "e727241a-9c81-4b8b-865d-671253b9ddcb",
      "parentUUID": "48ef2168-b6bc-44b3-9906-55309fded168",
      "skipped": false
    },
    {
      "title": "Supervisor is in the conditioning state",
      "fullTitle": "test Supervisor is in the conditioning state",
      "timedOut": false,
      "duration": 0,
      "state": "passed",
      "speed": "fast",
      "pass": true,
      "fail": false,
      "pending": false,
      "code": "getAssertion(cond.logic, cond.expect.value, cond.expect.value);",
      "err": {},
      "isRoot": false,
      "uuid": "1f77ab2d-cbdb-4fea-9bbf-8abf1af571c9",
      "parentUUID": "48ef2168-b6bc-44b3-9906-55309fded168",
      "skipped": false
    },
    {
      "title": "Supervisor is in the conditioning state",
      "fullTitle": "test Supervisor is in the conditioning state",
      "timedOut": false,
      "duration": 0,
      "state": "passed",
      "speed": "fast",
      "pass": true,
      "fail": false,
      "pending": false,
      "code": "getAssertion(cond.logic, cond.expect.value, cond.expect.value);",
      "err": {},
      "isRoot": false,
      "uuid": "57c12809-9bf7-4a27-b03d-d5c135f96556",
      "parentUUID": "48ef2168-b6bc-44b3-9906-55309fded168",
      "skipped": false
    },
    {
      "title": "Supervisor is in the conditioning state",
      "fullTitle": "test Supervisor is in the conditioning state",
      "timedOut": false,
      "duration": 0,
      "state": "passed",
      "speed": "fast",
      "pass": true,
      "fail": false,
      "pending": false,
      "code": "getAssertion(cond.logic, cond.expect.value, cond.expect.value);",
      "err": {},
      "isRoot": false,
      "uuid": "66737a55-4a5b-49c3-bce2-d373afc86502",
      "parentUUID": "48ef2168-b6bc-44b3-9906-55309fded168",
      "skipped": false
    },
    {
      "title": "Supervisor is in the conditioning state",
      "fullTitle": "test Supervisor is in the conditioning state",
      "timedOut": false,
      "duration": 0,
      "state": "passed",
      "speed": "fast",
      "pass": true,
      "fail": false,
      "pending": false,
      "code": "getAssertion(cond.logic, cond.expect.value, cond.expect.value);",
      "err": {},
      "isRoot": false,
      "uuid": "a5cdf25d-5152-463d-af69-37dc56580bcf",
      "parentUUID": "48ef2168-b6bc-44b3-9906-55309fded168",
      "skipped": false
    },
    {
      "title": "Supervisor is in the conditioning state",
      "fullTitle": "test Supervisor is in the conditioning state",
      "timedOut": false,
      "duration": 0,
      "state": "passed",
      "speed": "fast",
      "pass": true,
      "fail": false,
      "pending": false,
      "code": "getAssertion(cond.logic, cond.expect.value, cond.expect.value);",
      "err": {},
      "isRoot": false,
      "uuid": "8f2dc082-47e0-4e58-8a81-a35258644c0c",
      "parentUUID": "48ef2168-b6bc-44b3-9906-55309fded168",
      "skipped": false
    }
  ],
  "allFailures": [],
  "copyrightYear": 2017
}